<?xml version="1.0" encoding="UTF-8"?>
<!-- Generated by org.testng.reporters.JUnitReportReporter -->
<testsuite skipped="0" hostname="LAPTOP-R3MOBSF6" name="login.testcase3" tests="1" failures="0" timestamp="2022-07-17T17:13:12 IST" time="0.001" errors="0">
  <testcase name="tc3" time="0.001" classname="login.testcase3"/>
  <system-out>
    <![CDATA[automation confidance]]>
  </system-out>
</testsuite> <!-- login.testcase3 -->
