<?xml version="1.0" encoding="UTF-8"?>
<!-- Generated by org.testng.reporters.JUnitReportReporter -->
<testsuite skipped="0" hostname="LAPTOP-R3MOBSF6" name="login.testcase1" tests="1" failures="0" timestamp="2022-07-17T17:13:12 IST" time="0.002" errors="0">
  <testcase name="tc1" time="0.002" classname="login.testcase1"/>
  <system-out>
    <![CDATA[hello]]>
  </system-out>
</testsuite> <!-- login.testcase1 -->
